Flow report for FPGA-MCHPRS
Wed Nov  6 20:09:58 2024
Quartus Prime Version 23.1std.1 Build 993 05/14/2024 SC Lite Edition


---------------------
; Table of Contents ;
---------------------
  1. Legal Notice
  2. Flow Summary
  3. Flow Settings
  4. Flow Non-Default Global Settings
  5. Flow Elapsed Time
  6. Flow OS Summary
  7. Flow Log
  8. Flow Messages
  9. Flow Suppressed Messages



----------------
; Legal Notice ;
----------------
Copyright (C) 2024  Intel Corporation. All rights reserved.
Your use of Intel Corporation's design tools, logic functions 
and other software and tools, and any partner logic 
functions, and any output files from any of the foregoing 
(including device programming or simulation files), and any 
associated documentation or information are expressly subject 
to the terms and conditions of the Intel Program License 
Subscription Agreement, the Intel Quartus Prime License Agreement,
the Intel FPGA IP License Agreement, or other applicable license
agreement, including, without limitation, that your use is for
the sole purpose of programming logic devices manufactured by
Intel and sold by Intel or its authorized distributors.  Please
refer to the applicable agreement for further details, at
https://fpgasoftware.intel.com/eula.



+----------------------------------------------------------------------------------+
; Flow Summary                                                                     ;
+---------------------------------+------------------------------------------------+
; Flow Status                     ; Successful - Wed Nov  6 20:09:54 2024          ;
; Quartus Prime Version           ; 23.1std.1 Build 993 05/14/2024 SC Lite Edition ;
; Revision Name                   ; FPGA-MCHPRS                                    ;
; Top-level Entity Name           ; top                                            ;
; Family                          ; Cyclone V                                      ;
; Device                          ; 5CSEMA5F31C6                                   ;
; Timing Models                   ; Final                                          ;
; Logic utilization (in ALMs)     ; 20 / 32,070 ( < 1 % )                          ;
; Total registers                 ; 34                                             ;
; Total pins                      ; 15 / 457 ( 3 % )                               ;
; Total virtual pins              ; 0                                              ;
; Total block memory bits         ; 0 / 4,065,280 ( 0 % )                          ;
; Total DSP Blocks                ; 0 / 87 ( 0 % )                                 ;
; Total HSSI RX PCSs              ; 0                                              ;
; Total HSSI PMA RX Deserializers ; 0                                              ;
; Total HSSI TX PCSs              ; 0                                              ;
; Total HSSI PMA TX Serializers   ; 0                                              ;
; Total PLLs                      ; 1 / 6 ( 17 % )                                 ;
; Total DLLs                      ; 0 / 4 ( 0 % )                                  ;
+---------------------------------+------------------------------------------------+


+-----------------------------------------+
; Flow Settings                           ;
+-------------------+---------------------+
; Option            ; Setting             ;
+-------------------+---------------------+
; Start date & time ; 11/06/2024 20:09:18 ;
; Main task         ; Compilation         ;
; Revision Name     ; FPGA-MCHPRS         ;
+-------------------+---------------------+


+--------------------------------------------------------------------------------------------------------------------------------------------------------------------------------------+
; Flow Non-Default Global Settings                                                                                                                                                     ;
+-------------------------------------+-----------------------------------------------------------------------------------------------------+---------------+-------------+------------+
; Assignment Name                     ; Value                                                                                               ; Default Value ; Entity Name ; Section Id ;
+-------------------------------------+-----------------------------------------------------------------------------------------------------+---------------+-------------+------------+
; CLOUD_NOTIFY_GROUP_ID               ; dse1                                                                                                ; --            ; --          ; --         ;
; COMPILER_SIGNATURE_ID               ; 136411537996978.173094535847748                                                                     ; --            ; --          ; --         ;
; DSE_SEND_REPORT_PANEL               ; ^Timing Analyzer/(Slow|Fast)\s.*Model/(Slow|Fast)\s.*Model\s(Setup|Hold|Recovery|Removal)\sSummary$ ; --            ; --          ; --         ;
; DSE_SEND_REPORT_PANEL               ; Flow Elapsed Time                                                                                   ; --            ; --          ; --         ;
; DSE_SEND_REPORT_PANEL               ; ^Timing Analyzer/Clocks$                                                                            ; --            ; --          ; --         ;
; DSE_SEND_REPORT_PANEL               ; ^Timing Analyzer/(Slow|Fast)\s.*Model/(Slow|Fast)\s.*Model\sFmax\sSummary$                          ; --            ; --          ; --         ;
; DSE_SEND_REPORT_PANEL               ; Fitter/(Resource Section|Place Stage)/Fitter Resource Usage Summary                                 ; --            ; --          ; --         ;
; DSE_SERVER_SEND_REPORTS             ; On                                                                                                  ; --            ; --          ; --         ;
; DSE_SERVER_URL                      ; http://localhost:58069                                                                              ; --            ; --          ; --         ;
; DSE_WORKER_ID                       ; 0                                                                                                   ; --            ; --          ; --         ;
; MAX_CORE_JUNCTION_TEMP              ; 85                                                                                                  ; --            ; --          ; --         ;
; MIN_CORE_JUNCTION_TEMP              ; 0                                                                                                   ; --            ; --          ; --         ;
; MISC_FILE                           ; fclk.cmp                                                                                            ; --            ; --          ; --         ;
; MISC_FILE                           ; fclk_sim/fclk.vo                                                                                    ; --            ; --          ; --         ;
; PARTITION_COLOR                     ; -- (Not supported for targeted family)                                                              ; --            ; top         ; Top        ;
; PARTITION_FITTER_PRESERVATION_LEVEL ; -- (Not supported for targeted family)                                                              ; --            ; top         ; Top        ;
; PARTITION_NETLIST_TYPE              ; -- (Not supported for targeted family)                                                              ; --            ; top         ; Top        ;
; POWER_BOARD_THERMAL_MODEL           ; None (CONSERVATIVE)                                                                                 ; --            ; --          ; --         ;
; POWER_PRESET_COOLING_SOLUTION       ; 23 MM HEAT SINK WITH 200 LFPM AIRFLOW                                                               ; --            ; --          ; --         ;
; SPD_FILE                            ; fclk.spd                                                                                            ; --            ; --          ; --         ;
; SYNTHESIS_ONLY_QIP                  ; On                                                                                                  ; --            ; --          ; --         ;
; TOP_LEVEL_ENTITY                    ; top                                                                                                 ; FPGA-MCHPRS   ; --          ; --         ;
+-------------------------------------+-----------------------------------------------------------------------------------------------------+---------------+-------------+------------+


+--------------------------------------------------------------------------------------------------------------------------+
; Flow Elapsed Time                                                                                                        ;
+----------------------+--------------+-------------------------+---------------------+------------------------------------+
; Module Name          ; Elapsed Time ; Average Processors Used ; Peak Virtual Memory ; Total CPU Time (on all processors) ;
+----------------------+--------------+-------------------------+---------------------+------------------------------------+
; Analysis & Synthesis ; 00:00:06     ; 1.0                     ; 4868 MB             ; 00:00:07                           ;
; Fitter               ; 00:00:25     ; 1.0                     ; 7366 MB             ; 00:01:00                           ;
; Assembler            ; 00:00:04     ; 1.0                     ; 4878 MB             ; 00:00:03                           ;
; Timing Analyzer      ; 00:00:04     ; 1.1                     ; 5263 MB             ; 00:00:02                           ;
; Total                ; 00:00:39     ; --                      ; --                  ; 00:01:12                           ;
+----------------------+--------------+-------------------------+---------------------+------------------------------------+


+------------------------------------------------------------------------------------+
; Flow OS Summary                                                                    ;
+----------------------+------------------+------------+------------+----------------+
; Module Name          ; Machine Hostname ; OS Name    ; OS Version ; Processor type ;
+----------------------+------------------+------------+------------+----------------+
; Analysis & Synthesis ; Zanes_Desktop    ; Windows 10 ; 10.0       ; x86_64         ;
; Fitter               ; Zanes_Desktop    ; Windows 10 ; 10.0       ; x86_64         ;
; Assembler            ; Zanes_Desktop    ; Windows 10 ; 10.0       ; x86_64         ;
; Timing Analyzer      ; Zanes_Desktop    ; Windows 10 ; 10.0       ; x86_64         ;
+----------------------+------------------+------------+------------+----------------+


------------
; Flow Log ;
------------
quartus_map --read_settings_files=off --write_settings_files=off FPGA-MCHPRS -c FPGA-MCHPRS
quartus_fit --read_settings_files=off --write_settings_files=off FPGA-MCHPRS -c FPGA-MCHPRS
quartus_asm --read_settings_files=off --write_settings_files=off FPGA-MCHPRS -c FPGA-MCHPRS
quartus_sta FPGA-MCHPRS -c FPGA-MCHPRS



